<?xml version="1.0" encoding="UTF-8"?>
<!-- Generated by org.testng.reporters.JUnitReportReporter -->
<testsuite skipped="0" hostname="LAPTOP-AUG5HGQL" name="tests.NewBranch" tests="9" failures="0" timestamp="06 Nov 2020 01:48:45 GMT" time="0.017" errors="0">
  <testcase name="Createanewbranchwithoutdata" time="0.002" classname="tests.NewBranch"/>
  <testcase name="Verifycanceloption" time="0.002" classname="tests.NewBranch"/>
  <testcase name="Createanewbranchwithvalidandinvaliddata" time="0.004" classname="tests.NewBranch"/>
  <testcase name="Verifyresetandcanceloption" time="0.002" classname="tests.NewBranch"/>
  <testcase name="VerifyBranchsearchoption" time="0.001" classname="tests.NewBranch"/>
  <testcase name="UpdatebranchwithexistingBranchData" time="0.002" classname="tests.NewBranch"/>
  <testcase name="Createanewbranchwithexistingbranchdata" time="0.002" classname="tests.NewBranch"/>
  <testcase name="UpdateBranchwithValidandInvalidData" time="0.001" classname="tests.NewBranch"/>
  <testcase name="VerifyBranchdeletionwithandwithoutdependencies" time="0.001" classname="tests.NewBranch"/>
</testsuite> <!-- tests.NewBranch -->
