<?xml version="1.0" encoding="UTF-8"?>
<!-- Generated by org.testng.reporters.JUnitReportReporter -->
<testsuite skipped="0" hostname="LAPTOP-AUG5HGQL" name="tests.NewUsers" tests="7" failures="0" timestamp="06 Nov 2020 01:48:45 GMT" time="0.020" errors="0">
  <testcase name="CreateanewuserwithValidandInvalidData" time="0.002" classname="tests.NewUsers"/>
  <testcase name="Verifydeletionoftheuser" time="0.001" classname="tests.NewUsers"/>
  <testcase name="Verifycancelandresetoption" time="0.001" classname="tests.NewUsers"/>
  <testcase name="UpdateuserwithexistingData" time="0.001" classname="tests.NewUsers"/>
  <testcase name="CreateanewuserwithexistingBranchData" time="0.001" classname="tests.NewUsers"/>
  <testcase name="Verifycanceloption" time="0.012" classname="tests.NewUsers"/>
  <testcase name="UpdateuserwithValidandInvalidData" time="0.002" classname="tests.NewUsers"/>
</testsuite> <!-- tests.NewUsers -->
