<?xml version="1.0" encoding="UTF-8"?>
<!-- Generated by org.testng.reporters.JUnitReportReporter -->
<testsuite skipped="0" hostname="LAPTOP-AUG5HGQL" name="tests.NewRole" tests="12" failures="0" timestamp="06 Nov 2020 01:48:45 GMT" time="0.013" errors="0">
  <testcase name="VerifybankerloginwithoutData" time="0.001" classname="tests.NewRole"/>
  <testcase name="Verifyallvisitororcustomerlinks" time="0.001" classname="tests.NewRole"/>
  <testcase name="Verifyroledeletionwithandwithoutdependency" time="0.001" classname="tests.NewRole"/>
  <testcase name="Verifyroledescriptionandroletypes" time="0.001" classname="tests.NewRole"/>
  <testcase name="Createanewrolewithvalidandinvaliddata" time="0.001" classname="tests.NewRole"/>
  <testcase name="Verifycancelandresetoption" time="0.001" classname="tests.NewRole"/>
  <testcase name="VerifybankerloginwithValidorInvalidData" time="0.000" classname="tests.NewRole"/>
  <testcase name="ForcustomerVisitors" time="0.002" classname="tests.NewRole"/>
  <testcase name="VerifycustomersloginwithValidandInvalidData" time="0.001" classname="tests.NewRole"/>
  <testcase name="VerifylinksinroledetailsPage" time="0.002" classname="tests.NewRole"/>
  <testcase name="Createanewrolewithoutdata" time="0.001" classname="tests.NewRole"/>
  <testcase name="Verifynewrolewithexistingdata" time="0.001" classname="tests.NewRole"/>
</testsuite> <!-- tests.NewRole -->
