<?xml version="1.0" encoding="UTF-8"?>
<!-- Generated by org.testng.reporters.JUnitReportReporter -->
<testsuite skipped="0" hostname="LAPTOP-AUG5HGQL" name="tests.Admin" tests="6" failures="0" timestamp="06 Nov 2020 01:48:45 GMT" time="0.028" errors="0">
  <testcase name="VerifyAdminchangePasswordwithValidandInvalidData" time="0.016" classname="tests.Admin"/>
  <testcase name="VerifyAdminlogout" time="0.003" classname="tests.Admin"/>
  <testcase name="VerifyallAdminHomelinks" time="0.002" classname="tests.Admin"/>
  <testcase name="VerifyAdminchangePasswordwithexistingData" time="0.002" classname="tests.Admin"/>
  <testcase name="VerifyAdminchangePasswordwithoutData" time="0.003" classname="tests.Admin"/>
  <testcase name="VerifyAdminloginwithValidandInvalidData" time="0.002" classname="tests.Admin"/>
</testsuite> <!-- tests.Admin -->
